[0.082s] Invoking command in '/home/ubuntu/ros2_ws/src/build/basic_mobile_robot': CMAKE_PREFIX_PATH=${CMAKE_PREFIX_PATH}:/home/ubuntu/ros2_ws/install/my_package:/opt/ros/foxy /usr/bin/cmake /home/ubuntu/ros2_ws/src/basic_mobile_robot -DCMAKE_INSTALL_PREFIX=/home/ubuntu/ros2_ws/src/install/basic_mobile_robot
[0.284s] -- The C compiler identification is GNU 9.4.0
[0.455s] -- The CXX compiler identification is GNU 9.4.0
[0.466s] -- Check for working C compiler: /usr/bin/cc
[0.536s] -- Check for working C compiler: /usr/bin/cc -- works
[0.537s] -- Detecting C compiler ABI info
[0.606s] -- Detecting C compiler ABI info - done
[0.617s] -- Detecting C compile features
[0.618s] -- Detecting C compile features - done
[0.622s] -- Check for working CXX compiler: /usr/bin/c++
[0.700s] -- Check for working CXX compiler: /usr/bin/c++ -- works
[0.701s] -- Detecting CXX compiler ABI info
[0.782s] -- Detecting CXX compiler ABI info - done
[0.793s] -- Detecting CXX compile features
[0.793s] -- Detecting CXX compile features - done
[0.799s] -- Found ament_cmake: 0.9.12 (/opt/ros/foxy/share/ament_cmake/cmake)
[0.830s] -- Found PythonInterp: /usr/bin/python3 (found suitable version "3.8.10", minimum required is "3") 
[0.830s] -- Using PYTHON_EXECUTABLE: /usr/bin/python3
[1.025s] -- Found ament_lint_auto: 0.9.8 (/opt/ros/foxy/share/ament_lint_auto/cmake)
[1.113s] -- Added test 'copyright' to check source files copyright and LICENSE
[1.117s] -- Added test 'flake8' to check Python code syntax and style conventions
[1.118s] -- Added test 'lint_cmake' to check CMake code style
[1.119s] -- Added test 'pep257' to check Python code against some of the style conventions in PEP 257
[1.121s] -- Added test 'xmllint' to check XML markup files
[1.124s] -- Configuring done
[1.126s] -- Generating done
[1.127s] -- Build files have been written to: /home/ubuntu/ros2_ws/src/build/basic_mobile_robot
[1.131s] Invoked command in '/home/ubuntu/ros2_ws/src/build/basic_mobile_robot' returned '0': CMAKE_PREFIX_PATH=${CMAKE_PREFIX_PATH}:/home/ubuntu/ros2_ws/install/my_package:/opt/ros/foxy /usr/bin/cmake /home/ubuntu/ros2_ws/src/basic_mobile_robot -DCMAKE_INSTALL_PREFIX=/home/ubuntu/ros2_ws/src/install/basic_mobile_robot
[1.135s] Invoking command in '/home/ubuntu/ros2_ws/src/build/basic_mobile_robot': CMAKE_PREFIX_PATH=${CMAKE_PREFIX_PATH}:/home/ubuntu/ros2_ws/install/my_package:/opt/ros/foxy /usr/bin/cmake --build /home/ubuntu/ros2_ws/src/build/basic_mobile_robot -- -j16 -l16
[1.172s] Invoked command in '/home/ubuntu/ros2_ws/src/build/basic_mobile_robot' returned '0': CMAKE_PREFIX_PATH=${CMAKE_PREFIX_PATH}:/home/ubuntu/ros2_ws/install/my_package:/opt/ros/foxy /usr/bin/cmake --build /home/ubuntu/ros2_ws/src/build/basic_mobile_robot -- -j16 -l16
[1.234s] Invoking command in '/home/ubuntu/ros2_ws/src/build/basic_mobile_robot': CMAKE_PREFIX_PATH=${CMAKE_PREFIX_PATH}:/home/ubuntu/ros2_ws/install/my_package:/opt/ros/foxy /usr/bin/cmake --install /home/ubuntu/ros2_ws/src/build/basic_mobile_robot
[1.243s] -- Install configuration: ""
[1.244s] -- Installing: /home/ubuntu/ros2_ws/src/install/basic_mobile_robot/share/basic_mobile_robot/config
[1.244s] -- Installing: /home/ubuntu/ros2_ws/src/install/basic_mobile_robot/share/basic_mobile_robot/launch
[1.244s] -- Installing: /home/ubuntu/ros2_ws/src/install/basic_mobile_robot/share/basic_mobile_robot/launch/basic_mobile_bot_v1.launch.py
[1.244s] -- Installing: /home/ubuntu/ros2_ws/src/install/basic_mobile_robot/share/basic_mobile_robot/maps
[1.244s] -- Installing: /home/ubuntu/ros2_ws/src/install/basic_mobile_robot/share/basic_mobile_robot/meshes
[1.244s] -- Installing: /home/ubuntu/ros2_ws/src/install/basic_mobile_robot/share/basic_mobile_robot/meshes/bicep.stl
[1.248s] -- Installing: /home/ubuntu/ros2_ws/src/install/basic_mobile_robot/share/basic_mobile_robot/meshes/elbow.stl
[1.249s] -- Installing: /home/ubuntu/ros2_ws/src/install/basic_mobile_robot/share/basic_mobile_robot/meshes/wheel.stl
[1.250s] -- Installing: /home/ubuntu/ros2_ws/src/install/basic_mobile_robot/share/basic_mobile_robot/meshes/arm_base.stl
[1.253s] -- Installing: /home/ubuntu/ros2_ws/src/install/basic_mobile_robot/share/basic_mobile_robot/meshes/wrist.stl
[1.256s] -- Installing: /home/ubuntu/ros2_ws/src/install/basic_mobile_robot/share/basic_mobile_robot/meshes/robot_base.stl
[1.257s] -- Installing: /home/ubuntu/ros2_ws/src/install/basic_mobile_robot/share/basic_mobile_robot/models
[1.257s] -- Installing: /home/ubuntu/ros2_ws/src/install/basic_mobile_robot/share/basic_mobile_robot/models/basic_mobile_bot_v1.urdf
[1.257s] -- Installing: /home/ubuntu/ros2_ws/src/install/basic_mobile_robot/share/basic_mobile_robot/params
[1.257s] -- Installing: /home/ubuntu/ros2_ws/src/install/basic_mobile_robot/share/basic_mobile_robot/rviz
[1.258s] -- Installing: /home/ubuntu/ros2_ws/src/install/basic_mobile_robot/share/basic_mobile_robot/rviz/urdf_config.rviz
[1.258s] -- Installing: /home/ubuntu/ros2_ws/src/install/basic_mobile_robot/share/basic_mobile_robot/src
[1.258s] -- Installing: /home/ubuntu/ros2_ws/src/install/basic_mobile_robot/share/basic_mobile_robot/worlds
[1.258s] -- Installing: /home/ubuntu/ros2_ws/src/install/basic_mobile_robot/share/ament_index/resource_index/package_run_dependencies/basic_mobile_robot
[1.258s] -- Installing: /home/ubuntu/ros2_ws/src/install/basic_mobile_robot/share/ament_index/resource_index/parent_prefix_path/basic_mobile_robot
[1.258s] -- Installing: /home/ubuntu/ros2_ws/src/install/basic_mobile_robot/share/basic_mobile_robot/environment/ament_prefix_path.sh
[1.258s] -- Installing: /home/ubuntu/ros2_ws/src/install/basic_mobile_robot/share/basic_mobile_robot/environment/ament_prefix_path.dsv
[1.259s] -- Installing: /home/ubuntu/ros2_ws/src/install/basic_mobile_robot/share/basic_mobile_robot/environment/path.sh
[1.259s] -- Installing: /home/ubuntu/ros2_ws/src/install/basic_mobile_robot/share/basic_mobile_robot/environment/path.dsv
[1.259s] -- Installing: /home/ubuntu/ros2_ws/src/install/basic_mobile_robot/share/basic_mobile_robot/local_setup.bash
[1.259s] -- Installing: /home/ubuntu/ros2_ws/src/install/basic_mobile_robot/share/basic_mobile_robot/local_setup.sh
[1.259s] -- Installing: /home/ubuntu/ros2_ws/src/install/basic_mobile_robot/share/basic_mobile_robot/local_setup.zsh
[1.259s] -- Installing: /home/ubuntu/ros2_ws/src/install/basic_mobile_robot/share/basic_mobile_robot/local_setup.dsv
[1.259s] -- Installing: /home/ubuntu/ros2_ws/src/install/basic_mobile_robot/share/basic_mobile_robot/package.dsv
[1.259s] -- Installing: /home/ubuntu/ros2_ws/src/install/basic_mobile_robot/share/ament_index/resource_index/packages/basic_mobile_robot
[1.260s] -- Installing: /home/ubuntu/ros2_ws/src/install/basic_mobile_robot/share/basic_mobile_robot/cmake/basic_mobile_robotConfig.cmake
[1.260s] -- Installing: /home/ubuntu/ros2_ws/src/install/basic_mobile_robot/share/basic_mobile_robot/cmake/basic_mobile_robotConfig-version.cmake
[1.260s] -- Installing: /home/ubuntu/ros2_ws/src/install/basic_mobile_robot/share/basic_mobile_robot/package.xml
[1.267s] Invoked command in '/home/ubuntu/ros2_ws/src/build/basic_mobile_robot' returned '0': CMAKE_PREFIX_PATH=${CMAKE_PREFIX_PATH}:/home/ubuntu/ros2_ws/install/my_package:/opt/ros/foxy /usr/bin/cmake --install /home/ubuntu/ros2_ws/src/build/basic_mobile_robot
