/usr/local/lib/python3.8/dist-packages/setuptools/dist.py:745: SetuptoolsDeprecationWarning: Invalid dash-separated options
!!

        ********************************************************************************
        Usage of dash-separated 'script-dir' will not be supported in future
        versions. Please use the underscore name 'script_dir' instead.

        By 2023-Sep-26, you need to update your project and remove deprecated calls
        or your builds will no longer be supported.

        See https://setuptools.pypa.io/en/latest/userguide/declarative_config.html for details.
        ********************************************************************************

!!
  opt = self.warn_dash_deprecation(opt, section)
running egg_info
creating ../build/my_package/my_package.egg-info
writing ../build/my_package/my_package.egg-info/PKG-INFO
writing dependency_links to ../build/my_package/my_package.egg-info/dependency_links.txt
writing entry points to ../build/my_package/my_package.egg-info/entry_points.txt
writing requirements to ../build/my_package/my_package.egg-info/requires.txt
writing top-level names to ../build/my_package/my_package.egg-info/top_level.txt
writing manifest file '../build/my_package/my_package.egg-info/SOURCES.txt'
reading manifest file '../build/my_package/my_package.egg-info/SOURCES.txt'
writing manifest file '../build/my_package/my_package.egg-info/SOURCES.txt'
running build
running build_py
creating /home/ubuntu/ros2_ws/src/build/my_package/build
creating /home/ubuntu/ros2_ws/src/build/my_package/build/lib
creating /home/ubuntu/ros2_ws/src/build/my_package/build/lib/my_package
copying my_package/__init__.py -> /home/ubuntu/ros2_ws/src/build/my_package/build/lib/my_package
copying my_package/my_node.py -> /home/ubuntu/ros2_ws/src/build/my_package/build/lib/my_package
running install
/usr/local/lib/python3.8/dist-packages/setuptools/_distutils/cmd.py:66: SetuptoolsDeprecationWarning: setup.py install is deprecated.
!!

        ********************************************************************************
        Please avoid running ``setup.py`` directly.
        Instead, use pypa/build, pypa/installer or other
        standards-based tools.

        See https://blog.ganssle.io/articles/2021/10/setup-py-deprecated.html for details.
        ********************************************************************************

!!
  self.initialize_options()
running install_lib
creating /home/ubuntu/ros2_ws/src/install/my_package/lib/python3.8/site-packages/my_package
copying /home/ubuntu/ros2_ws/src/build/my_package/build/lib/my_package/__init__.py -> /home/ubuntu/ros2_ws/src/install/my_package/lib/python3.8/site-packages/my_package
copying /home/ubuntu/ros2_ws/src/build/my_package/build/lib/my_package/my_node.py -> /home/ubuntu/ros2_ws/src/install/my_package/lib/python3.8/site-packages/my_package
byte-compiling /home/ubuntu/ros2_ws/src/install/my_package/lib/python3.8/site-packages/my_package/__init__.py to __init__.cpython-38.pyc
byte-compiling /home/ubuntu/ros2_ws/src/install/my_package/lib/python3.8/site-packages/my_package/my_node.py to my_node.cpython-38.pyc
running install_data
copying package.xml -> /home/ubuntu/ros2_ws/src/install/my_package/share/my_package
copying launch/my_launch_file.launch.py -> /home/ubuntu/ros2_ws/src/install/my_package/share/my_package
running install_egg_info
Copying ../build/my_package/my_package.egg-info to /home/ubuntu/ros2_ws/src/install/my_package/lib/python3.8/site-packages/my_package-0.0.1-py3.8.egg-info
running install_scripts
Installing my_node script to /home/ubuntu/ros2_ws/src/install/my_package/lib/my_package
writing list of installed files to '/home/ubuntu/ros2_ws/src/build/my_package/install.log'
