[0.753s] Invoking command in '/home/ubuntu/ros2_ws/src/my_package': PYTHONPATH=/home/ubuntu/ros2_ws/src/build/my_package/prefix_override:/home/ubuntu/ros2_ws/src/install/my_package/lib/python3.8/site-packages:${PYTHONPATH} /usr/bin/python3 setup.py egg_info --egg-base ../build/my_package build --build-base /home/ubuntu/ros2_ws/src/build/my_package/build install --record /home/ubuntu/ros2_ws/src/build/my_package/install.log --install-scripts $base/lib/my_package --single-version-externally-managed
[0.867s] /usr/local/lib/python3.8/dist-packages/setuptools/dist.py:745: SetuptoolsDeprecationWarning: Invalid dash-separated options
[0.867s] !!
[0.867s] 
[0.867s]         ********************************************************************************
[0.867s]         Usage of dash-separated 'script-dir' will not be supported in future
[0.867s]         versions. Please use the underscore name 'script_dir' instead.
[0.867s] 
[0.867s]         By 2023-Sep-26, you need to update your project and remove deprecated calls
[0.867s]         or your builds will no longer be supported.
[0.867s] 
[0.867s]         See https://setuptools.pypa.io/en/latest/userguide/declarative_config.html for details.
[0.867s]         ********************************************************************************
[0.867s] 
[0.867s] !!
[0.867s]   opt = self.warn_dash_deprecation(opt, section)
[0.940s] running egg_info
[0.940s] creating ../build/my_package/my_package.egg-info
[0.952s] writing ../build/my_package/my_package.egg-info/PKG-INFO
[0.952s] writing dependency_links to ../build/my_package/my_package.egg-info/dependency_links.txt
[0.952s] writing entry points to ../build/my_package/my_package.egg-info/entry_points.txt
[0.952s] writing requirements to ../build/my_package/my_package.egg-info/requires.txt
[0.952s] writing top-level names to ../build/my_package/my_package.egg-info/top_level.txt
[1.021s] writing manifest file '../build/my_package/my_package.egg-info/SOURCES.txt'
[1.045s] reading manifest file '../build/my_package/my_package.egg-info/SOURCES.txt'
[1.046s] writing manifest file '../build/my_package/my_package.egg-info/SOURCES.txt'
[1.046s] running build
[1.046s] running build_py
[1.046s] creating /home/ubuntu/ros2_ws/src/build/my_package/build
[1.047s] creating /home/ubuntu/ros2_ws/src/build/my_package/build/lib
[1.047s] creating /home/ubuntu/ros2_ws/src/build/my_package/build/lib/my_package
[1.047s] copying my_package/__init__.py -> /home/ubuntu/ros2_ws/src/build/my_package/build/lib/my_package
[1.047s] copying my_package/my_node.py -> /home/ubuntu/ros2_ws/src/build/my_package/build/lib/my_package
[1.047s] running install
[1.048s] /usr/local/lib/python3.8/dist-packages/setuptools/_distutils/cmd.py:66: SetuptoolsDeprecationWarning: setup.py install is deprecated.
[1.048s] !!
[1.048s] 
[1.048s]         ********************************************************************************
[1.048s]         Please avoid running ``setup.py`` directly.
[1.048s]         Instead, use pypa/build, pypa/installer or other
[1.048s]         standards-based tools.
[1.048s] 
[1.048s]         See https://blog.ganssle.io/articles/2021/10/setup-py-deprecated.html for details.
[1.048s]         ********************************************************************************
[1.048s] 
[1.048s] !!
[1.048s]   self.initialize_options()
[1.053s] running install_lib
[1.065s] creating /home/ubuntu/ros2_ws/src/install/my_package/lib/python3.8/site-packages/my_package
[1.065s] copying /home/ubuntu/ros2_ws/src/build/my_package/build/lib/my_package/__init__.py -> /home/ubuntu/ros2_ws/src/install/my_package/lib/python3.8/site-packages/my_package
[1.065s] copying /home/ubuntu/ros2_ws/src/build/my_package/build/lib/my_package/my_node.py -> /home/ubuntu/ros2_ws/src/install/my_package/lib/python3.8/site-packages/my_package
[1.065s] byte-compiling /home/ubuntu/ros2_ws/src/install/my_package/lib/python3.8/site-packages/my_package/__init__.py to __init__.cpython-38.pyc
[1.066s] byte-compiling /home/ubuntu/ros2_ws/src/install/my_package/lib/python3.8/site-packages/my_package/my_node.py to my_node.cpython-38.pyc
[1.066s] running install_data
[1.077s] copying package.xml -> /home/ubuntu/ros2_ws/src/install/my_package/share/my_package
[1.078s] copying launch/my_launch_file.launch.py -> /home/ubuntu/ros2_ws/src/install/my_package/share/my_package
[1.078s] running install_egg_info
[1.090s] Copying ../build/my_package/my_package.egg-info to /home/ubuntu/ros2_ws/src/install/my_package/lib/python3.8/site-packages/my_package-0.0.1-py3.8.egg-info
[1.091s] running install_scripts
[1.141s] Installing my_node script to /home/ubuntu/ros2_ws/src/install/my_package/lib/my_package
[1.141s] writing list of installed files to '/home/ubuntu/ros2_ws/src/build/my_package/install.log'
[1.169s] Invoked command in '/home/ubuntu/ros2_ws/src/my_package' returned '0': PYTHONPATH=/home/ubuntu/ros2_ws/src/build/my_package/prefix_override:/home/ubuntu/ros2_ws/src/install/my_package/lib/python3.8/site-packages:${PYTHONPATH} /usr/bin/python3 setup.py egg_info --egg-base ../build/my_package build --build-base /home/ubuntu/ros2_ws/src/build/my_package/build install --record /home/ubuntu/ros2_ws/src/build/my_package/install.log --install-scripts $base/lib/my_package --single-version-externally-managed
